Removed Pin From Net: NetName=GND Pin=M0-1
Removed Pin From Net: NetName=VM0 Pin=M0-2
Removed Pin From Net: NetName=PWM_M0 Pin=M0-3
Removed Pin From Net: NetName=GND Pin=M1-1
Removed Pin From Net: NetName=VM1 Pin=M1-2
Removed Pin From Net: NetName=PWM_M1 Pin=M1-3
Removed Pin From Net: NetName=GND Pin=M2-1
Removed Pin From Net: NetName=VM2 Pin=M2-2
Removed Pin From Net: NetName=PWM_M2 Pin=M2-3
Removed Pin From Net: NetName=GND Pin=M3-1
Removed Pin From Net: NetName=VM3 Pin=M3-2
Removed Pin From Net: NetName=PWM_M3 Pin=M3-3
Removed Pin From Net: NetName=GND Pin=M4-1
Removed Pin From Net: NetName=VM4 Pin=M4-2
Removed Pin From Net: NetName=PWM_M4 Pin=M4-3
Removed Pin From Net: NetName=GND Pin=M5-1
Removed Pin From Net: NetName=VM5 Pin=M5-2
Removed Pin From Net: NetName=PWM_M5 Pin=M5-3
Removed Pin From Net: NetName=GND Pin=M6-1
Removed Pin From Net: NetName=VM6 Pin=M6-2
Removed Pin From Net: NetName=PWM_M6 Pin=M6-3
Removed Member From Class: ClassName=Esquematico Member=M0
Removed Member From Class: ClassName=Esquematico Member=M1
Removed Member From Class: ClassName=Esquematico Member=M2
Removed Member From Class: ClassName=Esquematico Member=M3
Removed Member From Class: ClassName=Esquematico Member=M4
Removed Member From Class: ClassName=Esquematico Member=M5
Removed Member From Class: ClassName=Esquematico Member=M6
Added Component: Designator=GND(Header 7)
Add component (AddParameter): Name = "LatestRevisionDate"; Value = "17-Jul-2002"; VariantName = "[No Variations]"
Add component (AddParameter): Name = "LatestRevisionNote"; Value = "Re-released for DXP Platform."; VariantName = "[No Variations]"
Add component (AddParameter): Name = "Publisher"; Value = "Altium Limited"; VariantName = "[No Variations]"
Added Component: Designator=PWM(Header 7)
Add component (AddParameter): Name = "LatestRevisionDate"; Value = "17-Jul-2002"; VariantName = "[No Variations]"
Add component (AddParameter): Name = "LatestRevisionNote"; Value = "Re-released for DXP Platform."; VariantName = "[No Variations]"
Add component (AddParameter): Name = "Publisher"; Value = "Altium Limited"; VariantName = "[No Variations]"
Added Component: Designator=VM(Header 7)
Add component (AddParameter): Name = "LatestRevisionDate"; Value = "17-Jul-2002"; VariantName = "[No Variations]"
Add component (AddParameter): Name = "LatestRevisionNote"; Value = "Re-released for DXP Platform."; VariantName = "[No Variations]"
Add component (AddParameter): Name = "Publisher"; Value = "Altium Limited"; VariantName = "[No Variations]"
Added Pin To Net: NetName=GND Pin=GND-1
Added Pin To Net: NetName=GND Pin=GND-2
Added Pin To Net: NetName=GND Pin=GND-3
Added Pin To Net: NetName=GND Pin=GND-4
Added Pin To Net: NetName=GND Pin=GND-5
Added Pin To Net: NetName=GND Pin=GND-6
Added Pin To Net: NetName=GND Pin=GND-7
Added Pin To Net: NetName=PWM_M0 Pin=PWM-1
Added Pin To Net: NetName=PWM_M1 Pin=PWM-2
Added Pin To Net: NetName=PWM_M2 Pin=PWM-3
Added Pin To Net: NetName=PWM_M3 Pin=PWM-4
Added Pin To Net: NetName=PWM_M4 Pin=PWM-5
Added Pin To Net: NetName=PWM_M5 Pin=PWM-6
Added Pin To Net: NetName=PWM_M6 Pin=PWM-7
Added Pin To Net: NetName=VM0 Pin=VM-1
Added Pin To Net: NetName=VM1 Pin=VM-2
Added Pin To Net: NetName=VM2 Pin=VM-3
Added Pin To Net: NetName=VM3 Pin=VM-4
Added Pin To Net: NetName=VM4 Pin=VM-5
Added Pin To Net: NetName=VM5 Pin=VM-6
Added Pin To Net: NetName=VM6 Pin=VM-7
Added Member To Class: ClassName=Esquematico Member=Component GND Header 7
Added Member To Class: ClassName=Esquematico Member=Component PWM Header 7
Added Member To Class: ClassName=Esquematico Member=Component VM Header 7
Added Room: Name=Esquematico
